<?xml version="1.0" encoding="UTF-8"?>
<testsuite name="PythagoreanTripletTest" tests="7" skipped="6" failures="0" errors="0" timestamp="2022-06-03T17:39:05" hostname="LAPTOP-IQMGO10R" time="0.019">
  <properties/>
  <testcase name="tripletsWhoseSumIs1000" classname="PythagoreanTripletTest" time="0.0">
    <skipped/>
  </testcase>
  <testcase name="tripletsWhoseSumIs1001" classname="PythagoreanTripletTest" time="0.0">
    <skipped/>
  </testcase>
  <testcase name="tripletsWhoseSumIs108" classname="PythagoreanTripletTest" time="0.0">
    <skipped/>
  </testcase>
  <testcase name="tripletsWhoseSumIs840" classname="PythagoreanTripletTest" time="0.0">
    <skipped/>
  </testcase>
  <testcase name="tripletsWhoseSumIs12" classname="PythagoreanTripletTest" time="0.012"/>
  <testcase name="tripletsWhoseSumIs90" classname="PythagoreanTripletTest" time="0.0">
    <skipped/>
  </testcase>
  <testcase name="tripletsWhoseSumIs30000" classname="PythagoreanTripletTest" time="0.0">
    <skipped/>
  </testcase>
  <system-out><![CDATA[]]></system-out>
  <system-err><![CDATA[]]></system-err>
</testsuite>
